<?xml version="1.0" encoding="UTF-8"?>
<!-- Generated by org.testng.reporters.JUnitXMLReporter -->
<testsuite ignored="0" hostname="DESKTOP-SS9KUUU" failures="1" tests="2" name="BStackDemo-2" time="34.089" errors="0" timestamp="2023-05-24T15:27:13 IST">
  <testcase classname="com.browserstack.BStackDemoTest" name="addProductToCart" time="7.867"/>
  <testcase classname="com.browserstack.BStackDemoTest" name="addProductToCart1" time="5.796">
    <failure type="java.lang.AssertionError" message="expected [iPhone 12] but found [iPhone 12 Mini]">
      <![CDATA[java.lang.AssertionError: expected [iPhone 12] but found [iPhone 12 Mini]
at com.browserstack.BStackDemoTest.addProductToCart1(BStackDemoTest.java:47)
at java.base/java.util.ArrayList.forEach(ArrayList.java:1511)
at java.base/java.util.concurrent.FutureTask.run(FutureTask.java:264)
at java.base/java.util.concurrent.ThreadPoolExecutor.runWorker(ThreadPoolExecutor.java:1136)
at java.base/java.util.concurrent.ThreadPoolExecutor$Worker.run(ThreadPoolExecutor.java:635)
at java.base/java.lang.Thread.run(Thread.java:833)
... Removed 24 stack frames]]>
    </failure>
  </testcase> <!-- addProductToCart1 -->
</testsuite> <!-- BStackDemo-2 -->
